xmelab(64): 23.03-s013: (c) Copyright 1995-2024 Cadence Design Systems, Inc.
TOOL:	xmelab(64)	23.03-s013: Started on Dec 05, 2024 at 22:41:25 KST
xmelab
    -MESS
    -access +rwc
    tb_counter

	Elaborating the design hierarchy:
		Caching library 'work_lib' ....... Done
	Building instance overlay tables: .................... Done
	Generating native compiled code:
		work_lib.counter:module <0x7d4098d9>
			streams:   3, words:  1153
		work_lib.tb_counter:module <0x172d03d0>
			streams:  11, words:  4679
	Building instance specific data structures.
	Loading native compiled code:     .................... Done
	Design hierarchy summary:
		                 Instances  Unique
		Modules:                 2       2
		Registers:               3       3
		Scalar wires:            2       -
		Vectored wires:          1       -
		Always blocks:           2       2
		Initial blocks:          1       1
		Pseudo assignments:      2       -
		Simulation timescale:  1ps
	Writing initial simulation snapshot: work_lib.tb_counter:module
TOOL:	xmelab(64)	23.03-s013: Exiting on Dec 05, 2024 at 22:41:25 KST  (total: 00:00:00)
