xmelab(64): 23.03-s013: (c) Copyright 1995-2024 Cadence Design Systems, Inc.
TOOL:	xmelab(64)	23.03-s013: Started on Nov 20, 2024 at 20:15:47 KST
xmelab
    -MESS
    -access rwc
    mux4x1

	Elaborating the design hierarchy:
	Building instance overlay tables: .................... Done
	Generating native compiled code:
		mux4x1_lib.mux4x1:module <0x56304264>
			streams:   5, words:  1714
	Building instance specific data structures.
	Loading native compiled code:     .................... Done
	Design hierarchy summary:
		                 Instances  Unique
		Modules:                 1       1
		Registers:               1       1
		Scalar wires:            6       -
		Always blocks:           1       1
		Simulation timescale:  1ps
	Writing initial simulation snapshot: mux4x1_lib.mux4x1:module
TOOL:	xmelab(64)	23.03-s013: Exiting on Nov 20, 2024 at 20:15:47 KST  (total: 00:00:00)
